<?xml version="1.0" encoding="UTF-8"?>
<!-- Generated by org.testng.reporters.JUnitReportReporter -->
<testsuite skipped="0" hostname="DESKTOP-13H8MS9" name="com.DL.testCases.TC_007_UpdateShoppingList" tests="1" failures="0" timestamp="2021-05-25T01:31:32 IST" time="32.557" errors="0">
  <testcase name="updateShopingList" time="32.557" classname="com.DL.testCases.TC_007_UpdateShoppingList"/>
  <system-out/>
</testsuite> <!-- com.DL.testCases.TC_007_UpdateShoppingList -->
