<?xml version="1.0" encoding="UTF-8"?>
<!-- Generated by org.testng.reporters.JUnitReportReporter -->
<testsuite skipped="0" hostname="DESKTOP-13H8MS9" name="com.DL.testCases.TC_007_UpdateShoppingList" tests="1" failures="0" timestamp="2021-05-23T23:44:15 IST" time="8.729" errors="0">
  <testcase name="updateShopingList" time="8.729" classname="com.DL.testCases.TC_007_UpdateShoppingList"/>
  <system-out/>
</testsuite> <!-- com.DL.testCases.TC_007_UpdateShoppingList -->
