<?xml version="1.0" encoding="UTF-8"?>
<!-- Generated by org.testng.reporters.JUnitReportReporter -->
<testsuite skipped="0" hostname="DESKTOP-13H8MS9" name="com.DL.testCases.TC_004_CreateShoppingList" tests="1" failures="0" timestamp="2021-05-30T22:20:00 IST" time="43.539" errors="0">
  <testcase name="createShoppingitem" time="43.539" classname="com.DL.testCases.TC_004_CreateShoppingList"/>
  <system-out/>
</testsuite> <!-- com.DL.testCases.TC_004_CreateShoppingList -->
