<?xml version="1.0" encoding="UTF-8"?>
<!-- Generated by org.testng.reporters.JUnitReportReporter -->
<testsuite skipped="0" hostname="DESKTOP-13H8MS9" name="com.DL.testCases.TC_011_AddTeamMember" tests="1" failures="0" timestamp="2021-07-21T13:27:12 IST" time="12.833" errors="0">
  <testcase name="addTeamMember" time="12.833" classname="com.DL.testCases.TC_011_AddTeamMember"/>
  <system-out/>
</testsuite> <!-- com.DL.testCases.TC_011_AddTeamMember -->
