<?xml version="1.0" encoding="UTF-8"?>
<!-- Generated by org.testng.reporters.JUnitReportReporter -->
<testsuite skipped="0" hostname="DESKTOP-13H8MS9" name="com.DL.testCases.TC_001_LoginToDL" tests="1" failures="0" timestamp="2021-04-21T19:16:07 IST" time="6.311" errors="0">
  <testcase name="login" time="6.311" classname="com.DL.testCases.TC_001_LoginToDL"/>
  <system-out/>
</testsuite> <!-- com.DL.testCases.TC_001_LoginToDL -->
