<?xml version="1.0" encoding="UTF-8"?>
<!-- Generated by org.testng.reporters.JUnitReportReporter -->
<testsuite skipped="0" hostname="DESKTOP-13H8MS9" name="com.DL.testCases.TC_003_CreateRoom2" tests="1" failures="0" timestamp="2020-12-11T16:22:00 IST" time="3.557" errors="0">
  <testcase name="createRoom" time="3.557" classname="com.DL.testCases.TC_003_CreateRoom2"/>
  <system-out/>
</testsuite> <!-- com.DL.testCases.TC_003_CreateRoom2 -->
