<?xml version="1.0" encoding="UTF-8"?>
<!-- Generated by org.testng.reporters.JUnitReportReporter -->
<testsuite skipped="0" hostname="DESKTOP-13H8MS9" name="com.DL.testCases.TC_010_AddTrackedtimedetails" tests="1" failures="0" timestamp="2021-06-27T18:17:08 IST" time="22.421" errors="0">
  <testcase name="AddTrackedtimedetails" time="22.421" classname="com.DL.testCases.TC_010_AddTrackedtimedetails"/>
  <system-out/>
</testsuite> <!-- com.DL.testCases.TC_010_AddTrackedtimedetails -->
