<?xml version="1.0" encoding="UTF-8"?>
<!-- Generated by org.testng.reporters.JUnitReportReporter -->
<testsuite skipped="0" hostname="DESKTOP-13H8MS9" name="com.DL.testCases.TC_005_CreateItemRoom" tests="1" failures="0" timestamp="2021-07-03T14:31:14 IST" time="30.211" errors="0">
  <testcase name="createItemRoom" time="30.211" classname="com.DL.testCases.TC_005_CreateItemRoom"/>
  <system-out/>
</testsuite> <!-- com.DL.testCases.TC_005_CreateItemRoom -->
