<?xml version="1.0" encoding="UTF-8"?>
<!-- Generated by org.testng.reporters.JUnitReportReporter -->
<testsuite skipped="0" hostname="DESKTOP-13H8MS9" name="com.DL.testCases.TC_002_CreateProject" tests="1" failures="0" timestamp="2021-04-06T20:16:04 IST" time="29.515" errors="0">
  <testcase name="createProject" time="29.515" classname="com.DL.testCases.TC_002_CreateProject"/>
  <system-out/>
</testsuite> <!-- com.DL.testCases.TC_002_CreateProject -->
