<?xml version="1.0" encoding="UTF-8"?>
<!-- Generated by org.testng.reporters.JUnitReportReporter -->
<testsuite skipped="0" hostname="DESKTOP-13H8MS9" name="com.DL.testCases.TC_008_UpdateProjectDetails" tests="1" failures="0" timestamp="2021-06-06T19:39:58 IST" time="35.435" errors="0">
  <testcase name="updateProjectDetails" time="35.435" classname="com.DL.testCases.TC_008_UpdateProjectDetails"/>
  <system-out/>
</testsuite> <!-- com.DL.testCases.TC_008_UpdateProjectDetails -->
