<?xml version="1.0" encoding="UTF-8"?>
<!-- Generated by org.testng.reporters.JUnitReportReporter -->
<testsuite skipped="0" hostname="DESKTOP-13H8MS9" name="com.DL.testCases.TC_003_CreateRoom" tests="1" failures="0" timestamp="2021-04-06T12:58:58 IST" time="10.767" errors="0">
  <testcase name="createRoom" time="10.767" classname="com.DL.testCases.TC_003_CreateRoom"/>
  <system-out/>
</testsuite> <!-- com.DL.testCases.TC_003_CreateRoom -->
