<?xml version="1.0" encoding="UTF-8"?>
<!-- Generated by org.testng.reporters.JUnitReportReporter -->
<testsuite skipped="0" hostname="DESKTOP-13H8MS9" name="com.DL.testCases.TC_011_AddTeamMember" tests="1" failures="0" timestamp="2021-07-17T08:39:45 IST" time="3.425" errors="0">
  <testcase name="addTeamMember" time="3.425" classname="com.DL.testCases.TC_011_AddTeamMember"/>
  <system-out/>
</testsuite> <!-- com.DL.testCases.TC_011_AddTeamMember -->
